okt. 24, 2024 5:03:10 DU. com.feke.kamisado.Board changeActivePlayer
INFO: actualPlayer changed: WHITE
okt. 24, 2024 5:03:11 DU. com.feke.kamisado.Board changeActivePlayer
INFO: actualPlayer changed: BLACK
okt. 24, 2024 5:03:12 DU. com.feke.kamisado.Map resetTiles
INFO: team : BLACK	color: ORANGE	teeth: 0
okt. 24, 2024 5:03:12 DU. com.feke.kamisado.Map resetTiles
INFO: team : BLACK	color: BLUE	teeth: 0
okt. 24, 2024 5:03:12 DU. com.feke.kamisado.Map resetTiles
INFO: team : BLACK	color: PURPLE	teeth: 0
okt. 24, 2024 5:03:12 DU. com.feke.kamisado.Map resetTiles
INFO: team : BLACK	color: PINK	teeth: 0
okt. 24, 2024 5:03:12 DU. com.feke.kamisado.Map resetTiles
INFO: team : BLACK	color: YELLOW	teeth: 1
okt. 24, 2024 5:03:12 DU. com.feke.kamisado.Map resetTiles
INFO: team : BLACK	color: RED	teeth: 0
okt. 24, 2024 5:03:12 DU. com.feke.kamisado.Map resetTiles
INFO: team : BLACK	color: GREEN	teeth: 0
okt. 24, 2024 5:03:12 DU. com.feke.kamisado.Map resetTiles
INFO: team : BLACK	color: BROWN	teeth: 0
okt. 24, 2024 5:03:12 DU. com.feke.kamisado.Map resetTiles
INFO: team : WHITE	color: BROWN	teeth: 0
okt. 24, 2024 5:03:12 DU. com.feke.kamisado.Map resetTiles
INFO: team : WHITE	color: GREEN	teeth: 0
okt. 24, 2024 5:03:12 DU. com.feke.kamisado.Map resetTiles
INFO: team : WHITE	color: RED	teeth: 0
okt. 24, 2024 5:03:12 DU. com.feke.kamisado.Map resetTiles
INFO: team : WHITE	color: YELLOW	teeth: 0
okt. 24, 2024 5:03:12 DU. com.feke.kamisado.Map resetTiles
INFO: team : WHITE	color: PINK	teeth: 0
okt. 24, 2024 5:03:12 DU. com.feke.kamisado.Map resetTiles
INFO: team : WHITE	color: PURPLE	teeth: 0
okt. 24, 2024 5:03:12 DU. com.feke.kamisado.Map resetTiles
INFO: team : WHITE	color: BLUE	teeth: 0
okt. 24, 2024 5:03:12 DU. com.feke.kamisado.Map resetTiles
INFO: team : WHITE	color: ORANGE	teeth: 0
okt. 24, 2024 5:03:12 DU. com.feke.kamisado.Board isEndingMove
INFO: black points: 1 white points: 0
okt. 24, 2024 5:03:12 DU. com.feke.kamisado.Board changeActivePlayer
INFO: actualPlayer changed: WHITE
okt. 24, 2024 5:03:14 DU. com.feke.kamisado.Board changeActivePlayer
INFO: actualPlayer changed: BLACK
okt. 24, 2024 5:03:16 DU. com.feke.kamisado.Board changeActivePlayer
INFO: actualPlayer changed: WHITE
okt. 24, 2024 5:03:17 DU. com.feke.kamisado.Map resetTiles
INFO: team : WHITE	color: ORANGE	teeth: 0
okt. 24, 2024 5:03:17 DU. com.feke.kamisado.Map resetTiles
INFO: team : WHITE	color: BLUE	teeth: 0
okt. 24, 2024 5:03:17 DU. com.feke.kamisado.Map resetTiles
INFO: team : WHITE	color: PURPLE	teeth: 0
okt. 24, 2024 5:03:17 DU. com.feke.kamisado.Map resetTiles
INFO: team : WHITE	color: PINK	teeth: 0
okt. 24, 2024 5:03:17 DU. com.feke.kamisado.Map resetTiles
INFO: team : WHITE	color: YELLOW	teeth: 1
okt. 24, 2024 5:03:17 DU. com.feke.kamisado.Map resetTiles
INFO: team : WHITE	color: RED	teeth: 0
okt. 24, 2024 5:03:17 DU. com.feke.kamisado.Map resetTiles
INFO: team : WHITE	color: GREEN	teeth: 0
okt. 24, 2024 5:03:17 DU. com.feke.kamisado.Map resetTiles
INFO: team : WHITE	color: BROWN	teeth: 0
okt. 24, 2024 5:03:17 DU. com.feke.kamisado.Map resetTiles
INFO: team : BLACK	color: BROWN	teeth: 0
okt. 24, 2024 5:03:17 DU. com.feke.kamisado.Map resetTiles
INFO: team : BLACK	color: GREEN	teeth: 0
okt. 24, 2024 5:03:17 DU. com.feke.kamisado.Map resetTiles
INFO: team : BLACK	color: RED	teeth: 0
okt. 24, 2024 5:03:17 DU. com.feke.kamisado.Map resetTiles
INFO: team : BLACK	color: YELLOW	teeth: 1
okt. 24, 2024 5:03:17 DU. com.feke.kamisado.Map resetTiles
INFO: team : BLACK	color: PINK	teeth: 0
okt. 24, 2024 5:03:17 DU. com.feke.kamisado.Map resetTiles
INFO: team : BLACK	color: PURPLE	teeth: 0
okt. 24, 2024 5:03:17 DU. com.feke.kamisado.Map resetTiles
INFO: team : BLACK	color: BLUE	teeth: 0
okt. 24, 2024 5:03:17 DU. com.feke.kamisado.Map resetTiles
INFO: team : BLACK	color: ORANGE	teeth: 0
okt. 24, 2024 5:03:17 DU. com.feke.kamisado.Board isEndingMove
INFO: black points: 1 white points: 1
okt. 24, 2024 5:03:17 DU. com.feke.kamisado.Board changeActivePlayer
INFO: actualPlayer changed: BLACK
okt. 24, 2024 5:03:20 DU. com.feke.kamisado.Board changeActivePlayer
INFO: actualPlayer changed: WHITE
okt. 24, 2024 5:03:21 DU. com.feke.kamisado.Board changeActivePlayer
INFO: actualPlayer changed: BLACK
okt. 24, 2024 5:03:22 DU. com.feke.kamisado.Map resetTiles
INFO: team : BLACK	color: ORANGE	teeth: 0
okt. 24, 2024 5:03:22 DU. com.feke.kamisado.Map resetTiles
INFO: team : BLACK	color: BLUE	teeth: 0
okt. 24, 2024 5:03:22 DU. com.feke.kamisado.Map resetTiles
INFO: team : BLACK	color: PURPLE	teeth: 0
okt. 24, 2024 5:03:22 DU. com.feke.kamisado.Map resetTiles
INFO: team : BLACK	color: PINK	teeth: 0
okt. 24, 2024 5:03:22 DU. com.feke.kamisado.Map resetTiles
INFO: team : BLACK	color: YELLOW	teeth: 2
okt. 24, 2024 5:03:22 DU. com.feke.kamisado.Map resetTiles
INFO: team : BLACK	color: RED	teeth: 0
okt. 24, 2024 5:03:22 DU. com.feke.kamisado.Map resetTiles
INFO: team : BLACK	color: GREEN	teeth: 0
okt. 24, 2024 5:03:22 DU. com.feke.kamisado.Map resetTiles
INFO: team : BLACK	color: BROWN	teeth: 0
okt. 24, 2024 5:03:22 DU. com.feke.kamisado.Map resetTiles
INFO: team : WHITE	color: BROWN	teeth: 0
okt. 24, 2024 5:03:22 DU. com.feke.kamisado.Map resetTiles
INFO: team : WHITE	color: GREEN	teeth: 0
okt. 24, 2024 5:03:22 DU. com.feke.kamisado.Map resetTiles
INFO: team : WHITE	color: RED	teeth: 0
okt. 24, 2024 5:03:22 DU. com.feke.kamisado.Map resetTiles
INFO: team : WHITE	color: YELLOW	teeth: 1
okt. 24, 2024 5:03:22 DU. com.feke.kamisado.Map resetTiles
INFO: team : WHITE	color: PINK	teeth: 0
okt. 24, 2024 5:03:22 DU. com.feke.kamisado.Map resetTiles
INFO: team : WHITE	color: PURPLE	teeth: 0
okt. 24, 2024 5:03:22 DU. com.feke.kamisado.Map resetTiles
INFO: team : WHITE	color: BLUE	teeth: 0
okt. 24, 2024 5:03:22 DU. com.feke.kamisado.Map resetTiles
INFO: team : WHITE	color: ORANGE	teeth: 0
okt. 24, 2024 5:03:22 DU. com.feke.kamisado.Board isEndingMove
INFO: black points: 3 white points: 1
okt. 24, 2024 5:03:22 DU. com.feke.kamisado.Board changeActivePlayer
INFO: actualPlayer changed: WHITE
okt. 24, 2024 5:03:24 DU. com.feke.kamisado.Board changeActivePlayer
INFO: actualPlayer changed: BLACK
okt. 24, 2024 5:03:26 DU. com.feke.kamisado.Board changeActivePlayer
INFO: actualPlayer changed: WHITE
okt. 24, 2024 5:03:27 DU. com.feke.kamisado.Map resetTiles
INFO: team : WHITE	color: ORANGE	teeth: 0
okt. 24, 2024 5:03:27 DU. com.feke.kamisado.Map resetTiles
INFO: team : WHITE	color: BLUE	teeth: 0
okt. 24, 2024 5:03:27 DU. com.feke.kamisado.Map resetTiles
INFO: team : WHITE	color: PURPLE	teeth: 0
okt. 24, 2024 5:03:27 DU. com.feke.kamisado.Map resetTiles
INFO: team : WHITE	color: PINK	teeth: 0
okt. 24, 2024 5:03:27 DU. com.feke.kamisado.Map resetTiles
INFO: team : WHITE	color: YELLOW	teeth: 2
okt. 24, 2024 5:03:27 DU. com.feke.kamisado.Map resetTiles
INFO: team : WHITE	color: RED	teeth: 0
okt. 24, 2024 5:03:27 DU. com.feke.kamisado.Map resetTiles
INFO: team : WHITE	color: GREEN	teeth: 0
okt. 24, 2024 5:03:27 DU. com.feke.kamisado.Map resetTiles
INFO: team : WHITE	color: BROWN	teeth: 0
okt. 24, 2024 5:03:27 DU. com.feke.kamisado.Map resetTiles
INFO: team : BLACK	color: BROWN	teeth: 0
okt. 24, 2024 5:03:27 DU. com.feke.kamisado.Map resetTiles
INFO: team : BLACK	color: GREEN	teeth: 0
okt. 24, 2024 5:03:27 DU. com.feke.kamisado.Map resetTiles
INFO: team : BLACK	color: RED	teeth: 0
okt. 24, 2024 5:03:27 DU. com.feke.kamisado.Map resetTiles
INFO: team : BLACK	color: YELLOW	teeth: 2
okt. 24, 2024 5:03:27 DU. com.feke.kamisado.Map resetTiles
INFO: team : BLACK	color: PINK	teeth: 0
okt. 24, 2024 5:03:27 DU. com.feke.kamisado.Map resetTiles
INFO: team : BLACK	color: PURPLE	teeth: 0
okt. 24, 2024 5:03:27 DU. com.feke.kamisado.Map resetTiles
INFO: team : BLACK	color: BLUE	teeth: 0
okt. 24, 2024 5:03:27 DU. com.feke.kamisado.Map resetTiles
INFO: team : BLACK	color: ORANGE	teeth: 0
okt. 24, 2024 5:03:27 DU. com.feke.kamisado.Board isEndingMove
INFO: black points: 3 white points: 3
okt. 24, 2024 5:03:27 DU. com.feke.kamisado.Board changeActivePlayer
INFO: actualPlayer changed: BLACK
okt. 24, 2024 5:03:30 DU. com.feke.kamisado.Board changeActivePlayer
INFO: actualPlayer changed: WHITE
okt. 24, 2024 5:03:32 DU. com.feke.kamisado.Board changeActivePlayer
INFO: actualPlayer changed: BLACK
okt. 24, 2024 5:03:34 DU. com.feke.kamisado.Board changeActivePlayer
INFO: actualPlayer changed: WHITE
okt. 24, 2024 5:03:36 DU. com.feke.kamisado.Board changeActivePlayer
INFO: actualPlayer changed: BLACK
okt. 24, 2024 5:03:37 DU. com.feke.kamisado.Map resetTiles
INFO: team : BLACK	color: ORANGE	teeth: 0
okt. 24, 2024 5:03:37 DU. com.feke.kamisado.Map resetTiles
INFO: team : BLACK	color: BLUE	teeth: 0
okt. 24, 2024 5:03:37 DU. com.feke.kamisado.Map resetTiles
INFO: team : BLACK	color: PURPLE	teeth: 0
okt. 24, 2024 5:03:37 DU. com.feke.kamisado.Map resetTiles
INFO: team : BLACK	color: PINK	teeth: 0
okt. 24, 2024 5:03:37 DU. com.feke.kamisado.Map resetTiles
INFO: team : BLACK	color: YELLOW	teeth: 3
okt. 24, 2024 5:03:37 DU. com.feke.kamisado.Map resetTiles
INFO: team : BLACK	color: RED	teeth: 0
okt. 24, 2024 5:03:37 DU. com.feke.kamisado.Map resetTiles
INFO: team : BLACK	color: GREEN	teeth: 0
okt. 24, 2024 5:03:37 DU. com.feke.kamisado.Map resetTiles
INFO: team : BLACK	color: BROWN	teeth: 0
okt. 24, 2024 5:03:37 DU. com.feke.kamisado.Map resetTiles
INFO: team : WHITE	color: BROWN	teeth: 0
okt. 24, 2024 5:03:37 DU. com.feke.kamisado.Map resetTiles
INFO: team : WHITE	color: GREEN	teeth: 0
okt. 24, 2024 5:03:37 DU. com.feke.kamisado.Map resetTiles
INFO: team : WHITE	color: RED	teeth: 0
okt. 24, 2024 5:03:37 DU. com.feke.kamisado.Map resetTiles
INFO: team : WHITE	color: YELLOW	teeth: 2
okt. 24, 2024 5:03:37 DU. com.feke.kamisado.Map resetTiles
INFO: team : WHITE	color: PINK	teeth: 0
okt. 24, 2024 5:03:37 DU. com.feke.kamisado.Map resetTiles
INFO: team : WHITE	color: PURPLE	teeth: 0
okt. 24, 2024 5:03:37 DU. com.feke.kamisado.Map resetTiles
INFO: team : WHITE	color: BLUE	teeth: 0
okt. 24, 2024 5:03:37 DU. com.feke.kamisado.Map resetTiles
INFO: team : WHITE	color: ORANGE	teeth: 0
okt. 24, 2024 5:03:37 DU. com.feke.kamisado.Board isEndingMove
INFO: black points: 6 white points: 3
okt. 24, 2024 5:03:37 DU. com.feke.kamisado.Board changeActivePlayer
INFO: actualPlayer changed: WHITE
okt. 24, 2024 5:03:39 DU. com.feke.kamisado.Board changeActivePlayer
INFO: actualPlayer changed: BLACK
okt. 24, 2024 5:03:42 DU. com.feke.kamisado.Board changeActivePlayer
INFO: actualPlayer changed: WHITE
okt. 24, 2024 5:03:44 DU. com.feke.kamisado.Board changeActivePlayer
INFO: actualPlayer changed: BLACK
okt. 24, 2024 5:03:45 DU. com.feke.kamisado.Board changeActivePlayer
INFO: actualPlayer changed: WHITE
okt. 24, 2024 5:03:47 DU. com.feke.kamisado.Map resetTiles
INFO: team : WHITE	color: ORANGE	teeth: 0
okt. 24, 2024 5:03:47 DU. com.feke.kamisado.Map resetTiles
INFO: team : WHITE	color: BLUE	teeth: 0
okt. 24, 2024 5:03:47 DU. com.feke.kamisado.Map resetTiles
INFO: team : WHITE	color: PURPLE	teeth: 0
okt. 24, 2024 5:03:47 DU. com.feke.kamisado.Map resetTiles
INFO: team : WHITE	color: PINK	teeth: 0
okt. 24, 2024 5:03:47 DU. com.feke.kamisado.Map resetTiles
INFO: team : WHITE	color: YELLOW	teeth: 3
okt. 24, 2024 5:03:47 DU. com.feke.kamisado.Map resetTiles
INFO: team : WHITE	color: RED	teeth: 0
okt. 24, 2024 5:03:47 DU. com.feke.kamisado.Map resetTiles
INFO: team : WHITE	color: GREEN	teeth: 0
okt. 24, 2024 5:03:47 DU. com.feke.kamisado.Map resetTiles
INFO: team : WHITE	color: BROWN	teeth: 0
okt. 24, 2024 5:03:47 DU. com.feke.kamisado.Map resetTiles
INFO: team : BLACK	color: BROWN	teeth: 0
okt. 24, 2024 5:03:47 DU. com.feke.kamisado.Map resetTiles
INFO: team : BLACK	color: GREEN	teeth: 0
okt. 24, 2024 5:03:47 DU. com.feke.kamisado.Map resetTiles
INFO: team : BLACK	color: RED	teeth: 0
okt. 24, 2024 5:03:47 DU. com.feke.kamisado.Map resetTiles
INFO: team : BLACK	color: YELLOW	teeth: 3
okt. 24, 2024 5:03:47 DU. com.feke.kamisado.Map resetTiles
INFO: team : BLACK	color: PINK	teeth: 0
okt. 24, 2024 5:03:47 DU. com.feke.kamisado.Map resetTiles
INFO: team : BLACK	color: PURPLE	teeth: 0
okt. 24, 2024 5:03:47 DU. com.feke.kamisado.Map resetTiles
INFO: team : BLACK	color: BLUE	teeth: 0
okt. 24, 2024 5:03:47 DU. com.feke.kamisado.Map resetTiles
INFO: team : BLACK	color: ORANGE	teeth: 0
okt. 24, 2024 5:03:47 DU. com.feke.kamisado.Board isEndingMove
INFO: black points: 6 white points: 6
okt. 24, 2024 5:03:47 DU. com.feke.kamisado.Board changeActivePlayer
INFO: actualPlayer changed: BLACK
okt. 24, 2024 5:03:49 DU. com.feke.kamisado.Board changeActivePlayer
INFO: actualPlayer changed: WHITE
okt. 24, 2024 5:03:51 DU. com.feke.kamisado.Board changeActivePlayer
INFO: actualPlayer changed: BLACK
okt. 24, 2024 5:03:52 DU. com.feke.kamisado.Board changeActivePlayer
INFO: actualPlayer changed: WHITE
okt. 24, 2024 5:03:54 DU. com.feke.kamisado.Board changeActivePlayer
INFO: actualPlayer changed: BLACK
okt. 24, 2024 5:03:55 DU. com.feke.kamisado.Board changeActivePlayer
INFO: actualPlayer changed: WHITE
okt. 24, 2024 5:04:04 DU. com.feke.kamisado.Board changeActivePlayer
INFO: actualPlayer changed: BLACK
okt. 24, 2024 5:04:05 DU. com.feke.kamisado.Board changeActivePlayer
INFO: actualPlayer changed: WHITE
okt. 24, 2024 5:04:09 DU. com.feke.kamisado.Board changeActivePlayer
INFO: actualPlayer changed: BLACK
okt. 24, 2024 5:04:11 DU. com.feke.kamisado.Board changeActivePlayer
INFO: actualPlayer changed: WHITE
okt. 24, 2024 5:04:13 DU. com.feke.kamisado.Board changeActivePlayer
INFO: actualPlayer changed: BLACK
okt. 24, 2024 5:04:16 DU. com.feke.kamisado.Board changeActivePlayer
INFO: actualPlayer changed: WHITE
okt. 24, 2024 5:04:18 DU. com.feke.kamisado.Board changeActivePlayer
INFO: actualPlayer changed: BLACK
okt. 24, 2024 5:04:20 DU. com.feke.kamisado.Board changeActivePlayer
INFO: actualPlayer changed: WHITE
okt. 24, 2024 5:04:22 DU. com.feke.kamisado.Board changeActivePlayer
INFO: actualPlayer changed: BLACK
okt. 24, 2024 5:04:25 DU. com.feke.kamisado.Board changeActivePlayer
INFO: actualPlayer changed: WHITE
okt. 24, 2024 5:04:27 DU. com.feke.kamisado.Board changeActivePlayer
INFO: actualPlayer changed: BLACK
okt. 24, 2024 5:04:28 DU. com.feke.kamisado.Board changeActivePlayer
INFO: actualPlayer changed: WHITE
okt. 24, 2024 5:04:31 DU. com.feke.kamisado.Board changeActivePlayer
INFO: actualPlayer changed: BLACK
okt. 24, 2024 5:04:32 DU. com.feke.kamisado.Board changeActivePlayer
INFO: actualPlayer changed: WHITE
okt. 24, 2024 5:04:35 DU. com.feke.kamisado.Board changeActivePlayer
INFO: actualPlayer changed: BLACK
okt. 24, 2024 5:04:39 DU. com.feke.kamisado.Board changeActivePlayer
INFO: actualPlayer changed: WHITE
okt. 24, 2024 5:04:42 DU. com.feke.kamisado.Map resetTiles
INFO: team : WHITE	color: ORANGE	teeth: 0
okt. 24, 2024 5:04:42 DU. com.feke.kamisado.Map resetTiles
INFO: team : WHITE	color: BLUE	teeth: 0
okt. 24, 2024 5:04:42 DU. com.feke.kamisado.Map resetTiles
INFO: team : WHITE	color: PURPLE	teeth: 0
okt. 24, 2024 5:04:42 DU. com.feke.kamisado.Map resetTiles
INFO: team : WHITE	color: PINK	teeth: 0
okt. 24, 2024 5:04:42 DU. com.feke.kamisado.Map resetTiles
INFO: team : WHITE	color: YELLOW	teeth: 3
okt. 24, 2024 5:04:42 DU. com.feke.kamisado.Map resetTiles
INFO: team : WHITE	color: RED	teeth: 0
okt. 24, 2024 5:04:42 DU. com.feke.kamisado.Map resetTiles
INFO: team : WHITE	color: GREEN	teeth: 0
okt. 24, 2024 5:04:42 DU. com.feke.kamisado.Map resetTiles
INFO: team : WHITE	color: BROWN	teeth: 1
okt. 24, 2024 5:04:42 DU. com.feke.kamisado.Map resetTiles
INFO: team : BLACK	color: BROWN	teeth: 0
okt. 24, 2024 5:04:42 DU. com.feke.kamisado.Map resetTiles
INFO: team : BLACK	color: GREEN	teeth: 0
okt. 24, 2024 5:04:42 DU. com.feke.kamisado.Map resetTiles
INFO: team : BLACK	color: RED	teeth: 0
okt. 24, 2024 5:04:42 DU. com.feke.kamisado.Map resetTiles
INFO: team : BLACK	color: YELLOW	teeth: 3
okt. 24, 2024 5:04:42 DU. com.feke.kamisado.Map resetTiles
INFO: team : BLACK	color: PINK	teeth: 0
okt. 24, 2024 5:04:42 DU. com.feke.kamisado.Map resetTiles
INFO: team : BLACK	color: PURPLE	teeth: 0
okt. 24, 2024 5:04:42 DU. com.feke.kamisado.Map resetTiles
INFO: team : BLACK	color: BLUE	teeth: 0
okt. 24, 2024 5:04:42 DU. com.feke.kamisado.Map resetTiles
INFO: team : BLACK	color: ORANGE	teeth: 0
okt. 24, 2024 5:04:42 DU. com.feke.kamisado.Board isEndingMove
INFO: black points: 6 white points: 7
okt. 24, 2024 5:04:42 DU. com.feke.kamisado.Board changeActivePlayer
INFO: actualPlayer changed: BLACK
okt. 24, 2024 5:04:46 DU. com.feke.kamisado.Board changeActivePlayer
INFO: actualPlayer changed: WHITE
okt. 24, 2024 5:04:49 DU. com.feke.kamisado.Board changeActivePlayer
INFO: actualPlayer changed: BLACK
okt. 24, 2024 5:04:50 DU. com.feke.kamisado.Board changeActivePlayer
INFO: actualPlayer changed: WHITE
okt. 24, 2024 5:04:52 DU. com.feke.kamisado.Board changeActivePlayer
INFO: actualPlayer changed: BLACK
okt. 24, 2024 5:04:53 DU. com.feke.kamisado.Board changeActivePlayer
INFO: actualPlayer changed: WHITE
okt. 24, 2024 5:04:55 DU. com.feke.kamisado.Board changeActivePlayer
INFO: actualPlayer changed: BLACK
okt. 24, 2024 5:04:56 DU. com.feke.kamisado.Board changeActivePlayer
INFO: actualPlayer changed: WHITE
okt. 24, 2024 5:05:00 DU. com.feke.kamisado.Board changeActivePlayer
INFO: actualPlayer changed: BLACK
okt. 24, 2024 5:05:01 DU. com.feke.kamisado.Board changeActivePlayer
INFO: actualPlayer changed: WHITE
okt. 24, 2024 5:05:04 DU. com.feke.kamisado.Board changeActivePlayer
INFO: actualPlayer changed: BLACK
okt. 24, 2024 5:05:06 DU. com.feke.kamisado.Board changeActivePlayer
INFO: actualPlayer changed: WHITE
okt. 24, 2024 5:05:07 DU. com.feke.kamisado.Board changeActivePlayer
INFO: actualPlayer changed: BLACK
okt. 24, 2024 5:05:09 DU. com.feke.kamisado.Map resetTiles
INFO: team : BLACK	color: ORANGE	teeth: 0
okt. 24, 2024 5:05:09 DU. com.feke.kamisado.Map resetTiles
INFO: team : BLACK	color: BLUE	teeth: 0
okt. 24, 2024 5:05:09 DU. com.feke.kamisado.Map resetTiles
INFO: team : BLACK	color: PURPLE	teeth: 0
okt. 24, 2024 5:05:09 DU. com.feke.kamisado.Map resetTiles
INFO: team : BLACK	color: PINK	teeth: 0
okt. 24, 2024 5:05:09 DU. com.feke.kamisado.Map resetTiles
INFO: team : BLACK	color: YELLOW	teeth: 3
okt. 24, 2024 5:05:09 DU. com.feke.kamisado.Map resetTiles
INFO: team : BLACK	color: RED	teeth: 0
okt. 24, 2024 5:05:09 DU. com.feke.kamisado.Map resetTiles
INFO: team : BLACK	color: GREEN	teeth: 0
okt. 24, 2024 5:05:09 DU. com.feke.kamisado.Map resetTiles
INFO: team : BLACK	color: BROWN	teeth: 0
okt. 24, 2024 5:05:09 DU. com.feke.kamisado.Map resetTiles
INFO: team : WHITE	color: BROWN	teeth: 1
okt. 24, 2024 5:05:09 DU. com.feke.kamisado.Map resetTiles
INFO: team : WHITE	color: GREEN	teeth: 0
okt. 24, 2024 5:05:09 DU. com.feke.kamisado.Map resetTiles
INFO: team : WHITE	color: RED	teeth: 0
okt. 24, 2024 5:05:09 DU. com.feke.kamisado.Map resetTiles
INFO: team : WHITE	color: YELLOW	teeth: 3
okt. 24, 2024 5:05:09 DU. com.feke.kamisado.Map resetTiles
INFO: team : WHITE	color: PINK	teeth: 0
okt. 24, 2024 5:05:09 DU. com.feke.kamisado.Map resetTiles
INFO: team : WHITE	color: PURPLE	teeth: 0
okt. 24, 2024 5:05:09 DU. com.feke.kamisado.Map resetTiles
INFO: team : WHITE	color: BLUE	teeth: 0
okt. 24, 2024 5:05:09 DU. com.feke.kamisado.Map resetTiles
INFO: team : WHITE	color: ORANGE	teeth: 0
okt. 24, 2024 5:05:09 DU. com.feke.kamisado.Board isEndingMove
INFO: black points: 10 white points: 7
okt. 24, 2024 5:05:09 DU. com.feke.kamisado.Board changeActivePlayer
INFO: actualPlayer changed: WHITE
